<?xml version="1.0" encoding="UTF-8"?>
<testsuite xmlns:xsi="http://www.w3.org/2001/XMLSchema-instance" xsi:noNamespaceSchemaLocation="https://maven.apache.org/surefire/maven-surefire-plugin/xsd/surefire-test-report.xsd" name="TestSuite" time="3.755" tests="4" errors="0" skipped="0" failures="1">
  <properties>
    <property name="gopherProxySet" value="false"/>
    <property name="awt.toolkit" value="sun.lwawt.macosx.LWCToolkit"/>
    <property name="file.encoding.pkg" value="sun.io"/>
    <property name="java.specification.version" value="1.8"/>
    <property name="sun.cpu.isalist" value=""/>
    <property name="sun.jnu.encoding" value="UTF-8"/>
    <property name="java.class.path" value="/Users/zl/Documents/workspace/IotInterface/target/test-classes:/Users/zl/Documents/workspace/IotInterface/target/classes:/Users/zl/.m2/repository/org/springframework/boot/spring-boot-starter-web/2.1.1.RELEASE/spring-boot-starter-web-2.1.1.RELEASE.jar:/Users/zl/.m2/repository/org/springframework/boot/spring-boot-starter/2.1.1.RELEASE/spring-boot-starter-2.1.1.RELEASE.jar:/Users/zl/.m2/repository/org/springframework/boot/spring-boot/2.1.1.RELEASE/spring-boot-2.1.1.RELEASE.jar:/Users/zl/.m2/repository/org/springframework/boot/spring-boot-autoconfigure/2.1.1.RELEASE/spring-boot-autoconfigure-2.1.1.RELEASE.jar:/Users/zl/.m2/repository/org/springframework/boot/spring-boot-starter-logging/2.1.1.RELEASE/spring-boot-starter-logging-2.1.1.RELEASE.jar:/Users/zl/.m2/repository/ch/qos/logback/logback-classic/1.2.3/logback-classic-1.2.3.jar:/Users/zl/.m2/repository/ch/qos/logback/logback-core/1.2.3/logback-core-1.2.3.jar:/Users/zl/.m2/repository/org/apache/logging/log4j/log4j-to-slf4j/2.11.1/log4j-to-slf4j-2.11.1.jar:/Users/zl/.m2/repository/org/apache/logging/log4j/log4j-api/2.11.1/log4j-api-2.11.1.jar:/Users/zl/.m2/repository/org/slf4j/jul-to-slf4j/1.7.25/jul-to-slf4j-1.7.25.jar:/Users/zl/.m2/repository/javax/annotation/javax.annotation-api/1.3.2/javax.annotation-api-1.3.2.jar:/Users/zl/.m2/repository/org/springframework/spring-core/5.1.3.RELEASE/spring-core-5.1.3.RELEASE.jar:/Users/zl/.m2/repository/org/springframework/spring-jcl/5.1.3.RELEASE/spring-jcl-5.1.3.RELEASE.jar:/Users/zl/.m2/repository/org/springframework/boot/spring-boot-starter-json/2.1.1.RELEASE/spring-boot-starter-json-2.1.1.RELEASE.jar:/Users/zl/.m2/repository/com/fasterxml/jackson/datatype/jackson-datatype-jdk8/2.9.7/jackson-datatype-jdk8-2.9.7.jar:/Users/zl/.m2/repository/com/fasterxml/jackson/datatype/jackson-datatype-jsr310/2.9.7/jackson-datatype-jsr310-2.9.7.jar:/Users/zl/.m2/repository/com/fasterxml/jackson/module/jackson-module-parameter-names/2.9.7/jackson-module-parameter-names-2.9.7.jar:/Users/zl/.m2/repository/org/springframework/boot/spring-boot-starter-tomcat/2.1.1.RELEASE/spring-boot-starter-tomcat-2.1.1.RELEASE.jar:/Users/zl/.m2/repository/org/apache/tomcat/embed/tomcat-embed-core/9.0.13/tomcat-embed-core-9.0.13.jar:/Users/zl/.m2/repository/org/apache/tomcat/embed/tomcat-embed-el/9.0.13/tomcat-embed-el-9.0.13.jar:/Users/zl/.m2/repository/org/apache/tomcat/embed/tomcat-embed-websocket/9.0.13/tomcat-embed-websocket-9.0.13.jar:/Users/zl/.m2/repository/org/hibernate/validator/hibernate-validator/6.0.13.Final/hibernate-validator-6.0.13.Final.jar:/Users/zl/.m2/repository/javax/validation/validation-api/2.0.1.Final/validation-api-2.0.1.Final.jar:/Users/zl/.m2/repository/org/jboss/logging/jboss-logging/3.3.2.Final/jboss-logging-3.3.2.Final.jar:/Users/zl/.m2/repository/org/springframework/spring-web/5.1.3.RELEASE/spring-web-5.1.3.RELEASE.jar:/Users/zl/.m2/repository/org/springframework/spring-beans/5.1.3.RELEASE/spring-beans-5.1.3.RELEASE.jar:/Users/zl/.m2/repository/org/springframework/spring-webmvc/5.1.3.RELEASE/spring-webmvc-5.1.3.RELEASE.jar:/Users/zl/.m2/repository/org/springframework/spring-aop/5.1.3.RELEASE/spring-aop-5.1.3.RELEASE.jar:/Users/zl/.m2/repository/org/springframework/spring-context/5.1.3.RELEASE/spring-context-5.1.3.RELEASE.jar:/Users/zl/.m2/repository/org/springframework/spring-expression/5.1.3.RELEASE/spring-expression-5.1.3.RELEASE.jar:/Users/zl/.m2/repository/org/mybatis/spring/boot/mybatis-spring-boot-starter/1.3.0/mybatis-spring-boot-starter-1.3.0.jar:/Users/zl/.m2/repository/org/springframework/boot/spring-boot-starter-jdbc/1.5.2.RELEASE/spring-boot-starter-jdbc-1.5.2.RELEASE.jar:/Users/zl/.m2/repository/org/apache/tomcat/tomcat-jdbc/8.5.11/tomcat-jdbc-8.5.11.jar:/Users/zl/.m2/repository/org/apache/tomcat/tomcat-juli/8.5.11/tomcat-juli-8.5.11.jar:/Users/zl/.m2/repository/org/springframework/spring-jdbc/4.3.7.RELEASE/spring-jdbc-4.3.7.RELEASE.jar:/Users/zl/.m2/repository/org/springframework/spring-tx/4.3.7.RELEASE/spring-tx-4.3.7.RELEASE.jar:/Users/zl/.m2/repository/org/mybatis/spring/boot/mybatis-spring-boot-autoconfigure/1.3.0/mybatis-spring-boot-autoconfigure-1.3.0.jar:/Users/zl/.m2/repository/org/mybatis/mybatis/3.4.4/mybatis-3.4.4.jar:/Users/zl/.m2/repository/org/mybatis/mybatis-spring/1.3.1/mybatis-spring-1.3.1.jar:/Users/zl/.m2/repository/io/springfox/springfox-swagger2/2.6.1/springfox-swagger2-2.6.1.jar:/Users/zl/.m2/repository/io/swagger/swagger-annotations/1.5.10/swagger-annotations-1.5.10.jar:/Users/zl/.m2/repository/io/swagger/swagger-models/1.5.10/swagger-models-1.5.10.jar:/Users/zl/.m2/repository/io/springfox/springfox-spi/2.6.1/springfox-spi-2.6.1.jar:/Users/zl/.m2/repository/io/springfox/springfox-core/2.6.1/springfox-core-2.6.1.jar:/Users/zl/.m2/repository/io/springfox/springfox-schema/2.6.1/springfox-schema-2.6.1.jar:/Users/zl/.m2/repository/io/springfox/springfox-swagger-common/2.6.1/springfox-swagger-common-2.6.1.jar:/Users/zl/.m2/repository/io/springfox/springfox-spring-web/2.6.1/springfox-spring-web-2.6.1.jar:/Users/zl/.m2/repository/com/google/guava/guava/18.0/guava-18.0.jar:/Users/zl/.m2/repository/com/fasterxml/classmate/1.3.1/classmate-1.3.1.jar:/Users/zl/.m2/repository/org/slf4j/slf4j-api/1.7.21/slf4j-api-1.7.21.jar:/Users/zl/.m2/repository/org/springframework/plugin/spring-plugin-core/1.2.0.RELEASE/spring-plugin-core-1.2.0.RELEASE.jar:/Users/zl/.m2/repository/org/springframework/plugin/spring-plugin-metadata/1.2.0.RELEASE/spring-plugin-metadata-1.2.0.RELEASE.jar:/Users/zl/.m2/repository/org/mapstruct/mapstruct/1.0.0.Final/mapstruct-1.0.0.Final.jar:/Users/zl/.m2/repository/io/springfox/springfox-swagger-ui/2.6.1/springfox-swagger-ui-2.6.1.jar:/Users/zl/.m2/repository/junit/junit/4.11/junit-4.11.jar:/Users/zl/.m2/repository/org/hamcrest/hamcrest-core/1.3/hamcrest-core-1.3.jar:/Users/zl/.m2/repository/org/testng/testng/6.11/testng-6.11.jar:/Users/zl/.m2/repository/com/beust/jcommander/1.64/jcommander-1.64.jar:/Users/zl/.m2/repository/org/yaml/snakeyaml/1.17/snakeyaml-1.17.jar:/Users/zl/.m2/repository/org/projectlombok/lombok/1.16.14/lombok-1.16.14.jar:/Users/zl/.m2/repository/log4j/log4j/1.2.8/log4j-1.2.8.jar:/Users/zl/.m2/repository/mysql/mysql-connector-java/8.0.11/mysql-connector-java-8.0.11.jar:/Users/zl/.m2/repository/com/google/protobuf/protobuf-java/2.6.0/protobuf-java-2.6.0.jar:/Users/zl/.m2/repository/org/apache/httpcomponents/httpclient/4.5.2/httpclient-4.5.2.jar:/Users/zl/.m2/repository/commons-logging/commons-logging/1.2/commons-logging-1.2.jar:/Users/zl/.m2/repository/commons-codec/commons-codec/1.9/commons-codec-1.9.jar:/Users/zl/.m2/repository/org/apache/httpcomponents/httpcore/4.4.4/httpcore-4.4.4.jar:/Users/zl/.m2/repository/com/alibaba/fastjson/1.2.36/fastjson-1.2.36.jar:/Users/zl/.m2/repository/org/json/json/20171018/json-20171018.jar:/Users/zl/.m2/repository/com/relevantcodes/extentreports/2.41.1/extentreports-2.41.1.jar:/Users/zl/.m2/repository/org/jsoup/jsoup/1.8.3/jsoup-1.8.3.jar:/Users/zl/.m2/repository/org/xerial/sqlite-jdbc/3.8.11.1/sqlite-jdbc-3.8.11.1.jar:/Users/zl/.m2/repository/org/freemarker/freemarker/2.3.23/freemarker-2.3.23.jar:/Users/zl/.m2/repository/org/mongodb/mongodb-driver/3.0.4/mongodb-driver-3.0.4.jar:/Users/zl/.m2/repository/org/mongodb/bson/3.0.4/bson-3.0.4.jar:/Users/zl/.m2/repository/org/mongodb/mongodb-driver-core/3.0.4/mongodb-driver-core-3.0.4.jar:/Users/zl/.m2/repository/com/vimalselvam/testng-extentsreport/1.3.1/testng-extentsreport-1.3.1.jar:/Users/zl/.m2/repository/com/aventstack/extentreports/3.0.6/extentreports-3.0.6.jar:/Users/zl/.m2/repository/org/apache/httpcomponents/httpmime/4.5.2/httpmime-4.5.2.jar:/Users/zl/.m2/repository/com/fasterxml/jackson/core/jackson-core/2.2.3/jackson-core-2.2.3.jar:/Users/zl/.m2/repository/com/fasterxml/jackson/core/jackson-databind/2.2.3/jackson-databind-2.2.3.jar:/Users/zl/.m2/repository/com/fasterxml/jackson/core/jackson-annotations/2.2.3/jackson-annotations-2.2.3.jar:/Users/zl/.m2/repository/com/google/code/gson/gson/2.2.4/gson-2.2.4.jar:/Users/zl/.m2/repository/net/sf/json-lib/json-lib/2.4/json-lib-2.4-jdk15.jar:/Users/zl/.m2/repository/commons-beanutils/commons-beanutils/1.8.0/commons-beanutils-1.8.0.jar:/Users/zl/.m2/repository/commons-collections/commons-collections/3.2.1/commons-collections-3.2.1.jar:/Users/zl/.m2/repository/commons-lang/commons-lang/2.5/commons-lang-2.5.jar:/Users/zl/.m2/repository/net/sf/ezmorph/ezmorph/1.0.6/ezmorph-1.0.6.jar:/Users/zl/.m2/repository/org/apache/maven/surefire/surefire-testng-utils/2.20.1/surefire-testng-utils-2.20.1.jar:/Users/zl/.m2/repository/org/apache/maven/surefire/surefire-grouper/2.20.1/surefire-grouper-2.20.1.jar:"/>
    <property name="java.vm.vendor" value="Oracle Corporation"/>
    <property name="sun.arch.data.model" value="64"/>
    <property name="java.vendor.url" value="http://java.oracle.com/"/>
    <property name="user.timezone" value=""/>
    <property name="java.vm.specification.version" value="1.8"/>
    <property name="os.name" value="Mac OS X"/>
    <property name="user.country" value="CN"/>
    <property name="sun.java.launcher" value="SUN_STANDARD"/>
    <property name="sun.boot.library.path" value="/Library/Java/JavaVirtualMachines/jdk1.8.0_131.jdk/Contents/Home/jre/lib"/>
    <property name="sun.java.command" value="/Users/zl/Documents/workspace/IotInterface/target/surefire/surefirebooter941550624832437293.jar /Users/zl/Documents/workspace/IotInterface/target/surefire 2019-07-21T12-48-04_508-jvmRun1 surefire3879232069425969286tmp surefire_08736455031052105772tmp"/>
    <property name="surefire.test.class.path" value="/Users/zl/Documents/workspace/IotInterface/target/test-classes:/Users/zl/Documents/workspace/IotInterface/target/classes:/Users/zl/.m2/repository/org/springframework/boot/spring-boot-starter-web/2.1.1.RELEASE/spring-boot-starter-web-2.1.1.RELEASE.jar:/Users/zl/.m2/repository/org/springframework/boot/spring-boot-starter/2.1.1.RELEASE/spring-boot-starter-2.1.1.RELEASE.jar:/Users/zl/.m2/repository/org/springframework/boot/spring-boot/2.1.1.RELEASE/spring-boot-2.1.1.RELEASE.jar:/Users/zl/.m2/repository/org/springframework/boot/spring-boot-autoconfigure/2.1.1.RELEASE/spring-boot-autoconfigure-2.1.1.RELEASE.jar:/Users/zl/.m2/repository/org/springframework/boot/spring-boot-starter-logging/2.1.1.RELEASE/spring-boot-starter-logging-2.1.1.RELEASE.jar:/Users/zl/.m2/repository/ch/qos/logback/logback-classic/1.2.3/logback-classic-1.2.3.jar:/Users/zl/.m2/repository/ch/qos/logback/logback-core/1.2.3/logback-core-1.2.3.jar:/Users/zl/.m2/repository/org/apache/logging/log4j/log4j-to-slf4j/2.11.1/log4j-to-slf4j-2.11.1.jar:/Users/zl/.m2/repository/org/apache/logging/log4j/log4j-api/2.11.1/log4j-api-2.11.1.jar:/Users/zl/.m2/repository/org/slf4j/jul-to-slf4j/1.7.25/jul-to-slf4j-1.7.25.jar:/Users/zl/.m2/repository/javax/annotation/javax.annotation-api/1.3.2/javax.annotation-api-1.3.2.jar:/Users/zl/.m2/repository/org/springframework/spring-core/5.1.3.RELEASE/spring-core-5.1.3.RELEASE.jar:/Users/zl/.m2/repository/org/springframework/spring-jcl/5.1.3.RELEASE/spring-jcl-5.1.3.RELEASE.jar:/Users/zl/.m2/repository/org/springframework/boot/spring-boot-starter-json/2.1.1.RELEASE/spring-boot-starter-json-2.1.1.RELEASE.jar:/Users/zl/.m2/repository/com/fasterxml/jackson/datatype/jackson-datatype-jdk8/2.9.7/jackson-datatype-jdk8-2.9.7.jar:/Users/zl/.m2/repository/com/fasterxml/jackson/datatype/jackson-datatype-jsr310/2.9.7/jackson-datatype-jsr310-2.9.7.jar:/Users/zl/.m2/repository/com/fasterxml/jackson/module/jackson-module-parameter-names/2.9.7/jackson-module-parameter-names-2.9.7.jar:/Users/zl/.m2/repository/org/springframework/boot/spring-boot-starter-tomcat/2.1.1.RELEASE/spring-boot-starter-tomcat-2.1.1.RELEASE.jar:/Users/zl/.m2/repository/org/apache/tomcat/embed/tomcat-embed-core/9.0.13/tomcat-embed-core-9.0.13.jar:/Users/zl/.m2/repository/org/apache/tomcat/embed/tomcat-embed-el/9.0.13/tomcat-embed-el-9.0.13.jar:/Users/zl/.m2/repository/org/apache/tomcat/embed/tomcat-embed-websocket/9.0.13/tomcat-embed-websocket-9.0.13.jar:/Users/zl/.m2/repository/org/hibernate/validator/hibernate-validator/6.0.13.Final/hibernate-validator-6.0.13.Final.jar:/Users/zl/.m2/repository/javax/validation/validation-api/2.0.1.Final/validation-api-2.0.1.Final.jar:/Users/zl/.m2/repository/org/jboss/logging/jboss-logging/3.3.2.Final/jboss-logging-3.3.2.Final.jar:/Users/zl/.m2/repository/org/springframework/spring-web/5.1.3.RELEASE/spring-web-5.1.3.RELEASE.jar:/Users/zl/.m2/repository/org/springframework/spring-beans/5.1.3.RELEASE/spring-beans-5.1.3.RELEASE.jar:/Users/zl/.m2/repository/org/springframework/spring-webmvc/5.1.3.RELEASE/spring-webmvc-5.1.3.RELEASE.jar:/Users/zl/.m2/repository/org/springframework/spring-aop/5.1.3.RELEASE/spring-aop-5.1.3.RELEASE.jar:/Users/zl/.m2/repository/org/springframework/spring-context/5.1.3.RELEASE/spring-context-5.1.3.RELEASE.jar:/Users/zl/.m2/repository/org/springframework/spring-expression/5.1.3.RELEASE/spring-expression-5.1.3.RELEASE.jar:/Users/zl/.m2/repository/org/mybatis/spring/boot/mybatis-spring-boot-starter/1.3.0/mybatis-spring-boot-starter-1.3.0.jar:/Users/zl/.m2/repository/org/springframework/boot/spring-boot-starter-jdbc/1.5.2.RELEASE/spring-boot-starter-jdbc-1.5.2.RELEASE.jar:/Users/zl/.m2/repository/org/apache/tomcat/tomcat-jdbc/8.5.11/tomcat-jdbc-8.5.11.jar:/Users/zl/.m2/repository/org/apache/tomcat/tomcat-juli/8.5.11/tomcat-juli-8.5.11.jar:/Users/zl/.m2/repository/org/springframework/spring-jdbc/4.3.7.RELEASE/spring-jdbc-4.3.7.RELEASE.jar:/Users/zl/.m2/repository/org/springframework/spring-tx/4.3.7.RELEASE/spring-tx-4.3.7.RELEASE.jar:/Users/zl/.m2/repository/org/mybatis/spring/boot/mybatis-spring-boot-autoconfigure/1.3.0/mybatis-spring-boot-autoconfigure-1.3.0.jar:/Users/zl/.m2/repository/org/mybatis/mybatis/3.4.4/mybatis-3.4.4.jar:/Users/zl/.m2/repository/org/mybatis/mybatis-spring/1.3.1/mybatis-spring-1.3.1.jar:/Users/zl/.m2/repository/io/springfox/springfox-swagger2/2.6.1/springfox-swagger2-2.6.1.jar:/Users/zl/.m2/repository/io/swagger/swagger-annotations/1.5.10/swagger-annotations-1.5.10.jar:/Users/zl/.m2/repository/io/swagger/swagger-models/1.5.10/swagger-models-1.5.10.jar:/Users/zl/.m2/repository/io/springfox/springfox-spi/2.6.1/springfox-spi-2.6.1.jar:/Users/zl/.m2/repository/io/springfox/springfox-core/2.6.1/springfox-core-2.6.1.jar:/Users/zl/.m2/repository/io/springfox/springfox-schema/2.6.1/springfox-schema-2.6.1.jar:/Users/zl/.m2/repository/io/springfox/springfox-swagger-common/2.6.1/springfox-swagger-common-2.6.1.jar:/Users/zl/.m2/repository/io/springfox/springfox-spring-web/2.6.1/springfox-spring-web-2.6.1.jar:/Users/zl/.m2/repository/com/google/guava/guava/18.0/guava-18.0.jar:/Users/zl/.m2/repository/com/fasterxml/classmate/1.3.1/classmate-1.3.1.jar:/Users/zl/.m2/repository/org/slf4j/slf4j-api/1.7.21/slf4j-api-1.7.21.jar:/Users/zl/.m2/repository/org/springframework/plugin/spring-plugin-core/1.2.0.RELEASE/spring-plugin-core-1.2.0.RELEASE.jar:/Users/zl/.m2/repository/org/springframework/plugin/spring-plugin-metadata/1.2.0.RELEASE/spring-plugin-metadata-1.2.0.RELEASE.jar:/Users/zl/.m2/repository/org/mapstruct/mapstruct/1.0.0.Final/mapstruct-1.0.0.Final.jar:/Users/zl/.m2/repository/io/springfox/springfox-swagger-ui/2.6.1/springfox-swagger-ui-2.6.1.jar:/Users/zl/.m2/repository/junit/junit/4.11/junit-4.11.jar:/Users/zl/.m2/repository/org/hamcrest/hamcrest-core/1.3/hamcrest-core-1.3.jar:/Users/zl/.m2/repository/org/testng/testng/6.11/testng-6.11.jar:/Users/zl/.m2/repository/com/beust/jcommander/1.64/jcommander-1.64.jar:/Users/zl/.m2/repository/org/yaml/snakeyaml/1.17/snakeyaml-1.17.jar:/Users/zl/.m2/repository/org/projectlombok/lombok/1.16.14/lombok-1.16.14.jar:/Users/zl/.m2/repository/log4j/log4j/1.2.8/log4j-1.2.8.jar:/Users/zl/.m2/repository/mysql/mysql-connector-java/8.0.11/mysql-connector-java-8.0.11.jar:/Users/zl/.m2/repository/com/google/protobuf/protobuf-java/2.6.0/protobuf-java-2.6.0.jar:/Users/zl/.m2/repository/org/apache/httpcomponents/httpclient/4.5.2/httpclient-4.5.2.jar:/Users/zl/.m2/repository/commons-logging/commons-logging/1.2/commons-logging-1.2.jar:/Users/zl/.m2/repository/commons-codec/commons-codec/1.9/commons-codec-1.9.jar:/Users/zl/.m2/repository/org/apache/httpcomponents/httpcore/4.4.4/httpcore-4.4.4.jar:/Users/zl/.m2/repository/com/alibaba/fastjson/1.2.36/fastjson-1.2.36.jar:/Users/zl/.m2/repository/org/json/json/20171018/json-20171018.jar:/Users/zl/.m2/repository/com/relevantcodes/extentreports/2.41.1/extentreports-2.41.1.jar:/Users/zl/.m2/repository/org/jsoup/jsoup/1.8.3/jsoup-1.8.3.jar:/Users/zl/.m2/repository/org/xerial/sqlite-jdbc/3.8.11.1/sqlite-jdbc-3.8.11.1.jar:/Users/zl/.m2/repository/org/freemarker/freemarker/2.3.23/freemarker-2.3.23.jar:/Users/zl/.m2/repository/org/mongodb/mongodb-driver/3.0.4/mongodb-driver-3.0.4.jar:/Users/zl/.m2/repository/org/mongodb/bson/3.0.4/bson-3.0.4.jar:/Users/zl/.m2/repository/org/mongodb/mongodb-driver-core/3.0.4/mongodb-driver-core-3.0.4.jar:/Users/zl/.m2/repository/com/vimalselvam/testng-extentsreport/1.3.1/testng-extentsreport-1.3.1.jar:/Users/zl/.m2/repository/com/aventstack/extentreports/3.0.6/extentreports-3.0.6.jar:/Users/zl/.m2/repository/org/apache/httpcomponents/httpmime/4.5.2/httpmime-4.5.2.jar:/Users/zl/.m2/repository/com/fasterxml/jackson/core/jackson-core/2.2.3/jackson-core-2.2.3.jar:/Users/zl/.m2/repository/com/fasterxml/jackson/core/jackson-databind/2.2.3/jackson-databind-2.2.3.jar:/Users/zl/.m2/repository/com/fasterxml/jackson/core/jackson-annotations/2.2.3/jackson-annotations-2.2.3.jar:/Users/zl/.m2/repository/com/google/code/gson/gson/2.2.4/gson-2.2.4.jar:/Users/zl/.m2/repository/net/sf/json-lib/json-lib/2.4/json-lib-2.4-jdk15.jar:/Users/zl/.m2/repository/commons-beanutils/commons-beanutils/1.8.0/commons-beanutils-1.8.0.jar:/Users/zl/.m2/repository/commons-collections/commons-collections/3.2.1/commons-collections-3.2.1.jar:/Users/zl/.m2/repository/commons-lang/commons-lang/2.5/commons-lang-2.5.jar:/Users/zl/.m2/repository/net/sf/ezmorph/ezmorph/1.0.6/ezmorph-1.0.6.jar:/Users/zl/.m2/repository/org/apache/maven/surefire/surefire-testng-utils/2.20.1/surefire-testng-utils-2.20.1.jar:/Users/zl/.m2/repository/org/apache/maven/surefire/surefire-grouper/2.20.1/surefire-grouper-2.20.1.jar:"/>
    <property name="sun.cpu.endian" value="little"/>
    <property name="user.home" value="/Users/zl"/>
    <property name="user.language" value="zh"/>
    <property name="java.specification.vendor" value="Oracle Corporation"/>
    <property name="java.home" value="/Library/Java/JavaVirtualMachines/jdk1.8.0_131.jdk/Contents/Home/jre"/>
    <property name="basedir" value="/Users/zl/Documents/workspace/IotInterface"/>
    <property name="file.separator" value="/"/>
    <property name="line.separator" value="&#10;"/>
    <property name="java.vm.specification.vendor" value="Oracle Corporation"/>
    <property name="java.specification.name" value="Java Platform API Specification"/>
    <property name="java.awt.graphicsenv" value="sun.awt.CGraphicsEnvironment"/>
    <property name="surefire.real.class.path" value="/Users/zl/Documents/workspace/IotInterface/target/surefire/surefirebooter941550624832437293.jar"/>
    <property name="sun.boot.class.path" value="/Library/Java/JavaVirtualMachines/jdk1.8.0_131.jdk/Contents/Home/jre/lib/resources.jar:/Library/Java/JavaVirtualMachines/jdk1.8.0_131.jdk/Contents/Home/jre/lib/rt.jar:/Library/Java/JavaVirtualMachines/jdk1.8.0_131.jdk/Contents/Home/jre/lib/sunrsasign.jar:/Library/Java/JavaVirtualMachines/jdk1.8.0_131.jdk/Contents/Home/jre/lib/jsse.jar:/Library/Java/JavaVirtualMachines/jdk1.8.0_131.jdk/Contents/Home/jre/lib/jce.jar:/Library/Java/JavaVirtualMachines/jdk1.8.0_131.jdk/Contents/Home/jre/lib/charsets.jar:/Library/Java/JavaVirtualMachines/jdk1.8.0_131.jdk/Contents/Home/jre/lib/jfr.jar:/Library/Java/JavaVirtualMachines/jdk1.8.0_131.jdk/Contents/Home/jre/classes"/>
    <property name="sun.management.compiler" value="HotSpot 64-Bit Tiered Compilers"/>
    <property name="java.runtime.version" value="1.8.0_131-b11"/>
    <property name="user.name" value="zl"/>
    <property name="path.separator" value=":"/>
    <property name="os.version" value="10.12.6"/>
    <property name="java.endorsed.dirs" value="/Library/Java/JavaVirtualMachines/jdk1.8.0_131.jdk/Contents/Home/jre/lib/endorsed"/>
    <property name="java.runtime.name" value="Java(TM) SE Runtime Environment"/>
    <property name="file.encoding" value="UTF-8"/>
    <property name="java.vm.name" value="Java HotSpot(TM) 64-Bit Server VM"/>
    <property name="localRepository" value="/Users/zl/.m2/repository"/>
    <property name="java.vendor.url.bug" value="http://bugreport.sun.com/bugreport/"/>
    <property name="java.io.tmpdir" value="/var/folders/rg/dnyfk4m119n4q8vj670_shn00000gn/T/"/>
    <property name="java.version" value="1.8.0_131"/>
    <property name="user.dir" value="/Users/zl/Documents/workspace/IotInterface"/>
    <property name="os.arch" value="x86_64"/>
    <property name="java.vm.specification.name" value="Java Virtual Machine Specification"/>
    <property name="java.awt.printerjob" value="sun.lwawt.macosx.CPrinterJob"/>
    <property name="sun.os.patch.level" value="unknown"/>
    <property name="java.library.path" value="/Users/zl/Library/Java/Extensions:/Library/Java/Extensions:/Network/Library/Java/Extensions:/System/Library/Java/Extensions:/usr/lib/java:."/>
    <property name="java.vm.info" value="mixed mode"/>
    <property name="java.vendor" value="Oracle Corporation"/>
    <property name="java.vm.version" value="25.131-b11"/>
    <property name="java.ext.dirs" value="/Users/zl/Library/Java/Extensions:/Library/Java/JavaVirtualMachines/jdk1.8.0_131.jdk/Contents/Home/jre/lib/ext:/Library/Java/Extensions:/Network/Library/Java/Extensions:/System/Library/Java/Extensions:/usr/lib/java"/>
    <property name="sun.io.unicode.encoding" value="UnicodeBig"/>
    <property name="java.class.version" value="52.0"/>
  </properties>
  <testcase name="login" classname="com.course.controller.SuiteTestCaseCenter" time="0.596">
    <failure type="java.lang.NullPointerException">java.lang.NullPointerException
	at com.course.controller.SuiteTestCaseCenter.login(SuiteTestCaseCenter.java:47)
</failure>
    <system-out><![CDATA[12:48:05.963 [main] DEBUG org.apache.ibatis.logging.LogFactory - Logging initialized using 'class org.apache.ibatis.logging.slf4j.Slf4jImpl' adapter.
12:48:06.081 [main] DEBUG org.apache.ibatis.datasource.pooled.PooledDataSource - PooledDataSource forcefully closed/removed all connections.
12:48:06.082 [main] DEBUG org.apache.ibatis.datasource.pooled.PooledDataSource - PooledDataSource forcefully closed/removed all connections.
12:48:06.082 [main] DEBUG org.apache.ibatis.datasource.pooled.PooledDataSource - PooledDataSource forcefully closed/removed all connections.
12:48:06.083 [main] DEBUG org.apache.ibatis.datasource.pooled.PooledDataSource - PooledDataSource forcefully closed/removed all connections.
12:48:06.180 [main] DEBUG org.apache.ibatis.transaction.jdbc.JdbcTransaction - Opening JDBC Connection
12:48:06.379 [main] DEBUG org.apache.ibatis.datasource.pooled.PooledDataSource - Created connection 120478350.
12:48:06.380 [main] DEBUG org.apache.ibatis.transaction.jdbc.JdbcTransaction - Setting autocommit to false on JDBC Connection [com.mysql.cj.jdbc.ConnectionImpl@72e5a8e]
12:48:06.384 [main] DEBUG com.course.getHost - ==>  Preparing: select * from iot_host where id=? 
12:48:06.432 [main] DEBUG com.course.getHost - ==> Parameters: 1(Integer)
12:48:06.481 [main] DEBUG com.course.getHost - <==      Total: 1
[INFO ] 2019-07-21 12:48:06,485 method:com.course.utils.GetApi.getHost(GetApi.java:107)
iot_host表中hostId为1的查询结果是--->IotHost(id=1, dev_host=http://sirius-dev.ortiot.com, real_host=http://sirius.ortiot.com)
12:48:06.526 [main] DEBUG org.apache.ibatis.datasource.pooled.PooledDataSource - PooledDataSource forcefully closed/removed all connections.
12:48:06.526 [main] DEBUG org.apache.ibatis.datasource.pooled.PooledDataSource - PooledDataSource forcefully closed/removed all connections.
12:48:06.527 [main] DEBUG org.apache.ibatis.datasource.pooled.PooledDataSource - PooledDataSource forcefully closed/removed all connections.
12:48:06.528 [main] DEBUG org.apache.ibatis.datasource.pooled.PooledDataSource - PooledDataSource forcefully closed/removed all connections.
12:48:06.537 [main] DEBUG org.apache.ibatis.transaction.jdbc.JdbcTransaction - Opening JDBC Connection
12:48:06.550 [main] DEBUG org.apache.ibatis.datasource.pooled.PooledDataSource - Created connection 1058609221.
12:48:06.551 [main] DEBUG org.apache.ibatis.transaction.jdbc.JdbcTransaction - Setting autocommit to false on JDBC Connection [com.mysql.cj.jdbc.ConnectionImpl@3f191845]
12:48:06.553 [main] DEBUG com.course.getApi - ==>  Preparing: select * from iot_api where id=? 
12:48:06.554 [main] DEBUG com.course.getApi - ==> Parameters: 1(Integer)
12:48:06.567 [main] DEBUG com.course.getApi - <==      Total: 1
[INFO ] 2019-07-21 12:48:06,573 method:com.course.utils.GetApi.getApiInfo(GetApi.java:70)
iot_api表中id为1的查询结果是--->IotApi(id=1, api_address=/oauth/token, request_param={"captcha": "777", "client_id": "66be6617e34f012809acdecf2699ecd3", "client_secret": "f82360eced6981bf00260457ddd41321", "grant_type": "mobile","mobile": "15958175507",
  "plat": "pc"
}, request_method=POST, param_type=JSON, assert_value=token, case_name=手机号登录
)
12:48:06.684 [main] DEBUG org.apache.http.client.protocol.RequestAddCookies - CookieSpec selected: default
12:48:06.696 [main] DEBUG org.apache.http.client.protocol.RequestAuthCache - Auth cache not set in the context
12:48:06.698 [main] DEBUG org.apache.http.impl.conn.PoolingHttpClientConnectionManager - Connection request: [route: {}->http://sirius-dev.ortiot.com:80][total kept alive: 0; route allocated: 0 of 2; total allocated: 0 of 20]
12:48:06.767 [Finalizer] DEBUG org.apache.ibatis.datasource.pooled.PooledDataSource - PooledDataSource forcefully closed/removed all connections.
12:48:06.768 [Finalizer] DEBUG org.apache.ibatis.datasource.pooled.PooledDataSource - PooledDataSource forcefully closed/removed all connections.
12:48:06.783 [main] DEBUG org.apache.http.impl.conn.PoolingHttpClientConnectionManager - Connection leased: [id: 0][route: {}->http://sirius-dev.ortiot.com:80][total kept alive: 0; route allocated: 1 of 2; total allocated: 1 of 20]
12:48:06.786 [main] DEBUG org.apache.http.impl.execchain.MainClientExec - Opening connection {}->http://sirius-dev.ortiot.com:80
12:48:06.879 [main] DEBUG org.apache.http.impl.conn.DefaultHttpClientConnectionOperator - Connecting to sirius-dev.ortiot.com/115.159.182.200:80
12:48:06.896 [main] DEBUG org.apache.http.impl.conn.DefaultHttpClientConnectionOperator - Connection established 192.168.31.127:49602<->115.159.182.200:80
12:48:06.897 [main] DEBUG org.apache.http.impl.conn.DefaultManagedHttpClientConnection - http-outgoing-0: set socket timeout to 5000
12:48:06.898 [main] DEBUG org.apache.http.impl.execchain.MainClientExec - Executing request POST /oauth/token HTTP/1.1
12:48:06.899 [main] DEBUG org.apache.http.impl.execchain.MainClientExec - Target auth state: UNCHALLENGED
12:48:06.900 [main] DEBUG org.apache.http.impl.execchain.MainClientExec - Proxy auth state: UNCHALLENGED
12:48:06.902 [main] DEBUG org.apache.http.headers - http-outgoing-0 >> POST /oauth/token HTTP/1.1
12:48:06.902 [main] DEBUG org.apache.http.headers - http-outgoing-0 >> User-Agent: Mozilla/5.0 (Windows; U; Windows NT 5.1; en-US; rv:1.7.6)
12:48:06.902 [main] DEBUG org.apache.http.headers - http-outgoing-0 >> content-type: application/json
12:48:06.902 [main] DEBUG org.apache.http.headers - http-outgoing-0 >> X-SAAS-Token: eyJhbGciOiJIUzUxMiJ9.eyJzdWIiOiIxMjE3NiIsImV4cCI6MTU2MDg1OTMzNSwiY29vcGVyYXRvclVzZXJJZCI6MTIxNzYsImNvb3BlcmF0b3JJZCI6NCwicm9sZVR5cGUiOjF9.6oLJiRG8b8jTUlZgeGc6sArz_qsqv3V0FBy_rlsEZC-r9jyAa4sgHtAVTa8w_WBsDIXjofGjk5k86IwTkPoxbA
12:48:06.902 [main] DEBUG org.apache.http.headers - http-outgoing-0 >> Content-Length: 172
12:48:06.902 [main] DEBUG org.apache.http.headers - http-outgoing-0 >> Host: sirius-dev.ortiot.com
12:48:06.902 [main] DEBUG org.apache.http.headers - http-outgoing-0 >> Connection: Keep-Alive
12:48:06.902 [main] DEBUG org.apache.http.headers - http-outgoing-0 >> Accept-Encoding: gzip,deflate
12:48:06.903 [main] DEBUG org.apache.http.wire - http-outgoing-0 >> "POST /oauth/token HTTP/1.1[\r][\n]"
12:48:06.903 [main] DEBUG org.apache.http.wire - http-outgoing-0 >> "User-Agent: Mozilla/5.0 (Windows; U; Windows NT 5.1; en-US; rv:1.7.6)[\r][\n]"
12:48:06.903 [main] DEBUG org.apache.http.wire - http-outgoing-0 >> "content-type: application/json[\r][\n]"
12:48:06.903 [main] DEBUG org.apache.http.wire - http-outgoing-0 >> "X-SAAS-Token: eyJhbGciOiJIUzUxMiJ9.eyJzdWIiOiIxMjE3NiIsImV4cCI6MTU2MDg1OTMzNSwiY29vcGVyYXRvclVzZXJJZCI6MTIxNzYsImNvb3BlcmF0b3JJZCI6NCwicm9sZVR5cGUiOjF9.6oLJiRG8b8jTUlZgeGc6sArz_qsqv3V0FBy_rlsEZC-r9jyAa4sgHtAVTa8w_WBsDIXjofGjk5k86IwTkPoxbA[\r][\n]"
12:48:06.906 [main] DEBUG org.apache.http.wire - http-outgoing-0 >> "Content-Length: 172[\r][\n]"
12:48:06.907 [main] DEBUG org.apache.http.wire - http-outgoing-0 >> "Host: sirius-dev.ortiot.com[\r][\n]"
12:48:06.907 [main] DEBUG org.apache.http.wire - http-outgoing-0 >> "Connection: Keep-Alive[\r][\n]"
12:48:06.908 [main] DEBUG org.apache.http.wire - http-outgoing-0 >> "Accept-Encoding: gzip,deflate[\r][\n]"
12:48:06.908 [main] DEBUG org.apache.http.wire - http-outgoing-0 >> "[\r][\n]"
12:48:06.909 [main] DEBUG org.apache.http.wire - http-outgoing-0 >> "{"captcha":"777","client_id":"66be6617e34f012809acdecf2699ecd3","client_secret":"f82360eced6981bf00260457ddd41321","grant_type":"mobile","mobile":"15958175507","plat":"pc"}"
12:48:06.937 [main] DEBUG org.apache.http.wire - http-outgoing-0 << "HTTP/1.1 401 Unauthorized[\r][\n]"
12:48:06.937 [main] DEBUG org.apache.http.wire - http-outgoing-0 << "Server: Tengine[\r][\n]"
12:48:06.937 [main] DEBUG org.apache.http.wire - http-outgoing-0 << "Date: Sun, 21 Jul 2019 04:45:37 GMT[\r][\n]"
12:48:06.937 [main] DEBUG org.apache.http.wire - http-outgoing-0 << "Content-Type: application/json;charset=UTF-8[\r][\n]"
12:48:06.938 [main] DEBUG org.apache.http.wire - http-outgoing-0 << "Transfer-Encoding: chunked[\r][\n]"
12:48:06.942 [main] DEBUG org.apache.http.wire - http-outgoing-0 << "Connection: keep-alive[\r][\n]"
12:48:06.943 [main] DEBUG org.apache.http.wire - http-outgoing-0 << "X-RateLimit-Remaining: 9999[\r][\n]"
12:48:06.943 [main] DEBUG org.apache.http.wire - http-outgoing-0 << "X-RateLimit-Burst-Capacity: 10000[\r][\n]"
12:48:06.943 [main] DEBUG org.apache.http.wire - http-outgoing-0 << "X-RateLimit-Replenish-Rate: 30[\r][\n]"
12:48:06.943 [main] DEBUG org.apache.http.wire - http-outgoing-0 << "WWW-Authenticate: Basic realm="oauth2/client"[\r][\n]"
12:48:06.944 [main] DEBUG org.apache.http.wire - http-outgoing-0 << "X-Content-Type-Options: nosniff[\r][\n]"
12:48:06.944 [main] DEBUG org.apache.http.wire - http-outgoing-0 << "X-XSS-Protection: 1; mode=block[\r][\n]"
12:48:06.944 [main] DEBUG org.apache.http.wire - http-outgoing-0 << "Cache-Control: no-cache, no-store, max-age=0, must-revalidate[\r][\n]"
12:48:06.944 [main] DEBUG org.apache.http.wire - http-outgoing-0 << "Pragma: no-cache[\r][\n]"
12:48:06.944 [main] DEBUG org.apache.http.wire - http-outgoing-0 << "Expires: 0[\r][\n]"
12:48:06.944 [main] DEBUG org.apache.http.wire - http-outgoing-0 << "X-Frame-Options: DENY[\r][\n]"
12:48:06.945 [main] DEBUG org.apache.http.wire - http-outgoing-0 << "Referrer-Policy: no-referrer[\r][\n]"
12:48:06.945 [main] DEBUG org.apache.http.wire - http-outgoing-0 << "[\r][\n]"
12:48:06.945 [main] DEBUG org.apache.http.wire - http-outgoing-0 << "7f[\r][\n]"
12:48:06.946 [main] DEBUG org.apache.http.wire - http-outgoing-0 << "{"timestamp":"2019-07-21T04:45:37.439+0000","status":401,"error":"Unauthorized","message":"Unauthorized","path":"/oauth/token"}[\r][\n]"
12:48:06.946 [main] DEBUG org.apache.http.wire - http-outgoing-0 << "0[\r][\n]"
12:48:06.946 [main] DEBUG org.apache.http.wire - http-outgoing-0 << "[\r][\n]"
12:48:06.950 [main] DEBUG org.apache.http.headers - http-outgoing-0 << HTTP/1.1 401 Unauthorized
12:48:06.950 [main] DEBUG org.apache.http.headers - http-outgoing-0 << Server: Tengine
12:48:06.951 [main] DEBUG org.apache.http.headers - http-outgoing-0 << Date: Sun, 21 Jul 2019 04:45:37 GMT
12:48:06.952 [main] DEBUG org.apache.http.headers - http-outgoing-0 << Content-Type: application/json;charset=UTF-8
12:48:06.952 [main] DEBUG org.apache.http.headers - http-outgoing-0 << Transfer-Encoding: chunked
12:48:06.955 [main] DEBUG org.apache.http.headers - http-outgoing-0 << Connection: keep-alive
12:48:06.955 [main] DEBUG org.apache.http.headers - http-outgoing-0 << X-RateLimit-Remaining: 9999
12:48:06.955 [main] DEBUG org.apache.http.headers - http-outgoing-0 << X-RateLimit-Burst-Capacity: 10000
12:48:06.956 [main] DEBUG org.apache.http.headers - http-outgoing-0 << X-RateLimit-Replenish-Rate: 30
12:48:06.957 [main] DEBUG org.apache.http.headers - http-outgoing-0 << WWW-Authenticate: Basic realm="oauth2/client"
12:48:06.957 [main] DEBUG org.apache.http.headers - http-outgoing-0 << X-Content-Type-Options: nosniff
12:48:06.958 [main] DEBUG org.apache.http.headers - http-outgoing-0 << X-XSS-Protection: 1; mode=block
12:48:06.960 [main] DEBUG org.apache.http.headers - http-outgoing-0 << Cache-Control: no-cache, no-store, max-age=0, must-revalidate
12:48:06.961 [main] DEBUG org.apache.http.headers - http-outgoing-0 << Pragma: no-cache
12:48:06.963 [main] DEBUG org.apache.http.headers - http-outgoing-0 << Expires: 0
12:48:06.963 [main] DEBUG org.apache.http.headers - http-outgoing-0 << X-Frame-Options: DENY
12:48:06.963 [main] DEBUG org.apache.http.headers - http-outgoing-0 << Referrer-Policy: no-referrer
12:48:06.978 [main] DEBUG org.apache.http.impl.execchain.MainClientExec - Connection can be kept alive indefinitely
12:48:06.979 [main] DEBUG org.apache.http.impl.auth.HttpAuthenticator - Authentication required
12:48:06.981 [main] DEBUG org.apache.http.impl.auth.HttpAuthenticator - sirius-dev.ortiot.com:80 requested authentication
12:48:06.984 [main] DEBUG org.apache.http.impl.client.TargetAuthenticationStrategy - Authentication schemes in the order of preference: [Negotiate, Kerberos, NTLM, Digest, Basic]
12:48:06.985 [main] DEBUG org.apache.http.impl.client.TargetAuthenticationStrategy - Challenge for Negotiate authentication scheme not available
12:48:06.986 [main] DEBUG org.apache.http.impl.client.TargetAuthenticationStrategy - Challenge for Kerberos authentication scheme not available
12:48:06.987 [main] DEBUG org.apache.http.impl.client.TargetAuthenticationStrategy - Challenge for NTLM authentication scheme not available
12:48:06.992 [main] DEBUG org.apache.http.impl.client.TargetAuthenticationStrategy - Challenge for Digest authentication scheme not available
12:48:07.003 [main] DEBUG org.apache.http.impl.conn.PoolingHttpClientConnectionManager - Connection [id: 0][route: {}->http://sirius-dev.ortiot.com:80] can be kept alive indefinitely
12:48:07.003 [main] DEBUG org.apache.http.impl.conn.PoolingHttpClientConnectionManager - Connection released: [id: 0][route: {}->http://sirius-dev.ortiot.com:80][total kept alive: 1; route allocated: 1 of 2; total allocated: 1 of 20]
{"timestamp":"2019-07-21T04:45:37.439+0000","status":401,"error":"Unauthorized","message":"Unauthorized","path":"/oauth/token"}
[ERROR] 2019-07-21 12:48:07,003 method:com.course.utils.HttpClientUtil.httpPostJson(HttpClientUtil.java:164)
http://sirius-dev.ortiot.com/oauth/token接口请求异常请排查!!!--->错误码为：401
]]></system-out>
  </testcase>
  <testcase name="testIotApi" classname="com.course.controller.SuiteTestCaseCenter" time="0.16"/>
  <testcase name="testIotApi" classname="com.course.controller.SuiteTestCaseCenter" time="0.176"/>
  <testcase name="testIotApi" classname="com.course.controller.SuiteTestCaseCenter" time="0.124"/>
</testsuite>