<?xml version="1.0" encoding="UTF-8"?>
<!-- Generated by org.testng.reporters.JUnitReportReporter -->
<testsuite skipped="0" hostname="HZCNWD35032" name="com.course.testcase.SuiteTestCaseCenter" tests="1" failures="0" timestamp="02 十一月 2018 12:54:01 GMT" time="0.287" errors="0">
  <testcase name="testCaseCenter" time="0.287" classname="com.course.testcase.SuiteTestCaseCenter"/>
</testsuite> <!-- com.course.testcase.SuiteTestCaseCenter -->
